<?xml version="1.0" encoding="UTF-8"?>
<testng-results ignored="0" total="1" passed="1" failed="0" skipped="0">
  <reporter-output>
  </reporter-output>
  <suite started-at="2023-01-03T10:34:52 SGT" name="Default suite" finished-at="2023-01-03T10:35:06 SGT" duration-ms="14145">
    <groups>
    </groups>
    <test started-at="2023-01-03T10:34:52 SGT" name="Default test" finished-at="2023-01-03T10:35:06 SGT" duration-ms="14145">
      <class name="End2EndProjects.Test.AppTest">
        <test-method is-config="true" signature="launchApplication()[pri:0, instance:End2EndProjects.Test.AppTest@130c12b7]" started-at="2023-01-03T10:34:52 SGT" name="launchApplication" finished-at="2023-01-03T10:35:00 SGT" duration-ms="7613" status="PASS">
          <reporter-output>
          </reporter-output>
        </test-method> <!-- launchApplication -->
        <test-method signature="mobileTest()[pri:0, instance:End2EndProjects.Test.AppTest@130c12b7]" started-at="2023-01-03T10:35:00 SGT" name="mobileTest" finished-at="2023-01-03T10:35:05 SGT" duration-ms="5232" status="PASS">
          <reporter-output>
          </reporter-output>
        </test-method> <!-- mobileTest -->
        <test-method is-config="true" signature="tearDown()[pri:0, instance:End2EndProjects.Test.AppTest@130c12b7]" started-at="2023-01-03T10:35:05 SGT" name="tearDown" finished-at="2023-01-03T10:35:06 SGT" duration-ms="1248" status="PASS">
          <reporter-output>
          </reporter-output>
        </test-method> <!-- tearDown -->
      </class> <!-- End2EndProjects.Test.AppTest -->
    </test> <!-- Default test -->
  </suite> <!-- Default suite -->
</testng-results>
